<?xml version="1.0" encoding="UTF-8"?>
<!-- Generated by org.testng.reporters.JUnitReportReporter -->
<testsuite hostname="QSP" failures="0" tests="1" name="testng.Tc2" time="18.380" errors="0" timestamp="2021-04-02T07:50:26 IST" skipped="0">
  <testcase classname="testng.Tc2" name="forgopassword" time="18.380"/>
</testsuite> <!-- testng.Tc2 -->
