<?xml version="1.0" encoding="UTF-8"?>
<!-- Generated by org.testng.reporters.JUnitReportReporter -->
<testsuite hostname="QSP" failures="0" tests="3" name="testng.Test1" time="0.037" errors="0" timestamp="2021-04-01T07:57:37 IST" skipped="1">
  <testcase classname="testng.Test1" name="chats" time="0.031"/>
  <testcase classname="testng.Test1" name="calls" time="0.006"/>
  <testcase classname="testng.Test1" name="blocks">
    <skipped/>
  </testcase> <!-- blocks -->
</testsuite> <!-- testng.Test1 -->
