<?xml version="1.0" encoding="UTF-8"?>
<!-- Generated by org.testng.reporters.JUnitReportReporter -->
<testsuite hostname="QSP" failures="0" tests="1" name="testng.Test0" time="0.042" errors="0" timestamp="2021-04-01T07:46:22 IST" skipped="0">
  <testcase classname="testng.Test0" name="demo" time="0.042"/>
</testsuite> <!-- testng.Test0 -->
