<?xml version="1.0" encoding="UTF-8"?>
<!-- Generated by org.testng.reporters.JUnitReportReporter -->
<testsuite hostname="QSP" failures="0" tests="1" name="testng.Tc2" time="11.068" errors="0" timestamp="2021-04-01T08:26:10 IST" skipped="0">
  <testcase classname="testng.Tc2" name="forgopassword" time="11.068"/>
</testsuite> <!-- testng.Tc2 -->
