<?xml version="1.0" encoding="UTF-8"?>
<!-- Generated by org.testng.reporters.JUnitReportReporter -->
<testsuite hostname="QSP" failures="0" tests="2" name="testng.Parallel" time="96.495" errors="0" timestamp="2021-04-02T08:07:13 IST" skipped="0">
  <testcase classname="testng.Parallel" name="demo" time="47.770"/>
  <testcase classname="testng.Parallel" name="demo" time="48.725"/>
</testsuite> <!-- testng.Parallel -->
