<?xml version="1.0" encoding="UTF-8"?>
<!-- Generated by org.testng.reporters.JUnitReportReporter -->
<testsuite hostname="QSP" failures="0" tests="1" name="testng.Tc3" time="24.427" errors="0" timestamp="2021-04-02T07:54:41 IST" skipped="0">
  <testcase classname="testng.Tc3" name="creteaPage" time="24.427"/>
</testsuite> <!-- testng.Tc3 -->
